2020-04-20 11:33:25:3325 error: 404 Users are not found
2020-04-20 11:33:27:3327 error: 404 Users are not found
2020-04-20 11:33:27:3327 error: 404 Users are not found
2020-04-20 11:33:27:3327 error: 404 Users are not found
2020-04-20 11:33:27:3327 error: 404 Users are not found
2020-04-20 11:33:27:3327 error: 404 Users are not found
2020-04-20 11:33:29:3329 error: 404 Users are not found
2020-04-20 11:56:25:5625 error: 404 Users are not found
2020-04-20 11:56:26:5626 error: 404 Users are not found
2020-04-20 11:56:26:5626 error: 404 Users are not found
2020-04-20 11:56:26:5626 error: 404 Users are not found
2020-04-20 11:56:26:5626 error: 404 Users are not found
2020-04-20 11:56:26:5626 error: 404 Users are not found
2020-04-20 11:56:29:5629 error: 404 Users are not found
2020-04-22 15:27:32:2732 error: 404 Users are not found
2020-04-22 15:27:33:2733 error: 404 Users are not found
2020-04-22 15:27:33:2733 error: 404 Users are not found
2020-04-22 15:27:33:2733 error: 404 Users are not found
2020-04-22 15:27:33:2733 error: 404 Users are not found
2020-04-22 15:27:33:2733 error: 404 Users are not found
2020-04-22 15:27:39:2739 error: 404 Users are not found
2020-04-23 00:42:09:429 error: 403 Incorrect username or password
2020-04-23 00:46:51:4651 error: captured error: User is not defined
2020-04-23 00:46:52:4652 error: captured error: User is not defined
2020-04-23 00:51:51:5151 error: 404 Users are not found
2020-04-23 00:51:51:5151 error: 404 Users are not found
2020-04-23 00:51:52:5152 error: 404 Boards are not found
2020-04-23 00:51:53:5153 error: 401 	Access token is missing or invalid
2020-04-23 00:51:54:5154 error: 404 Users are not found
2020-04-23 00:51:54:5154 error: 404 Users are not found
2020-04-23 00:51:55:5155 error: 404 Users are not found
2020-04-23 00:51:55:5155 error: 404 Users are not found
2020-04-23 00:51:55:5155 error: 404 Users are not found
2020-04-23 00:51:55:5155 error: 404 Users are not found
2020-04-23 00:51:55:5155 error: 404 Users are not found
2020-04-23 00:51:56:5156 error: 404 Users are not found
2020-04-23 00:51:58:5158 error: 404 Users are not found
