2020-04-22 15:23:16:2316 error: uncaughtException: req is not defined
ReferenceError: req is not defined
    at Object.<anonymous> (D:\JS\CLI_Tool_Node\src\resources\users\user.router.js:6:16)
    at Module._compile (internal/modules/cjs/loader.js:955:30)
    at Object.Module._extensions..js (internal/modules/cjs/loader.js:991:10)
    at Module.load (internal/modules/cjs/loader.js:811:32)
    at Function.Module._load (internal/modules/cjs/loader.js:723:14)
    at Module.require (internal/modules/cjs/loader.js:848:19)
    at require (internal/modules/cjs/helpers.js:74:18)
    at Object.<anonymous> (D:\JS\CLI_Tool_Node\src\app.js:5:20)
    at Module._compile (internal/modules/cjs/loader.js:955:30)
    at Object.Module._extensions..js (internal/modules/cjs/loader.js:991:10)
    at Module.load (internal/modules/cjs/loader.js:811:32)
    at Function.Module._load (internal/modules/cjs/loader.js:723:14)
    at Module.require (internal/modules/cjs/loader.js:848:19)
    at require (internal/modules/cjs/helpers.js:74:18)
    at Object.<anonymous> (D:\JS\CLI_Tool_Node\src\server.js:2:13)
    at Module._compile (internal/modules/cjs/loader.js:955:30)
2020-04-23 00:46:51:4651 error: uncaughtException: User is not defined
ReferenceError: User is not defined
    at Object.<anonymous> (D:\EPAM\CLI_Tool_Node\src\server.js:14:9)
    at Module._compile (internal/modules/cjs/loader.js:955:30)
    at Object.Module._extensions..js (internal/modules/cjs/loader.js:991:10)
    at Module.load (internal/modules/cjs/loader.js:811:32)
    at Function.Module._load (internal/modules/cjs/loader.js:723:14)
    at Function.Module.runMain (internal/modules/cjs/loader.js:1043:10)
    at internal/main/run_main_module.js:17:11
2020-04-23 00:46:52:4652 error: uncaughtException: User is not defined
ReferenceError: User is not defined
    at Object.<anonymous> (D:\EPAM\CLI_Tool_Node\src\server.js:14:9)
    at Module._compile (internal/modules/cjs/loader.js:955:30)
    at Object.Module._extensions..js (internal/modules/cjs/loader.js:991:10)
    at Module.load (internal/modules/cjs/loader.js:811:32)
    at Function.Module._load (internal/modules/cjs/loader.js:723:14)
    at Function.Module.runMain (internal/modules/cjs/loader.js:1043:10)
    at internal/main/run_main_module.js:17:11
2020-04-23 00:47:01:471 error: uncaughtException: Cannot find module '../resources/users/user.model'
Require stack:
- D:\EPAM\CLI_Tool_Node\src\server.js
Error: Cannot find module '../resources/users/user.model'
Require stack:
- D:\EPAM\CLI_Tool_Node\src\server.js
    at Function.Module._resolveFilename (internal/modules/cjs/loader.js:793:17)
    at Function.Module._load (internal/modules/cjs/loader.js:686:27)
    at Module.require (internal/modules/cjs/loader.js:848:19)
    at require (internal/modules/cjs/helpers.js:74:18)
    at Object.<anonymous> (D:\EPAM\CLI_Tool_Node\src\server.js:5:14)
    at Module._compile (internal/modules/cjs/loader.js:955:30)
    at Object.Module._extensions..js (internal/modules/cjs/loader.js:991:10)
    at Module.load (internal/modules/cjs/loader.js:811:32)
    at Function.Module._load (internal/modules/cjs/loader.js:723:14)
    at Function.Module.runMain (internal/modules/cjs/loader.js:1043:10)
    at internal/main/run_main_module.js:17:11
2020-04-23 00:47:21:4721 error: uncaughtException: Cannot find module '../resources/users/user.model'
Require stack:
- D:\EPAM\CLI_Tool_Node\src\server.js
Error: Cannot find module '../resources/users/user.model'
Require stack:
- D:\EPAM\CLI_Tool_Node\src\server.js
    at Function.Module._resolveFilename (internal/modules/cjs/loader.js:793:17)
    at Function.Module._load (internal/modules/cjs/loader.js:686:27)
    at Module.require (internal/modules/cjs/loader.js:848:19)
    at require (internal/modules/cjs/helpers.js:74:18)
    at Object.<anonymous> (D:\EPAM\CLI_Tool_Node\src\server.js:5:14)
    at Module._compile (internal/modules/cjs/loader.js:955:30)
    at Object.Module._extensions..js (internal/modules/cjs/loader.js:991:10)
    at Module.load (internal/modules/cjs/loader.js:811:32)
    at Function.Module._load (internal/modules/cjs/loader.js:723:14)
    at Function.Module.runMain (internal/modules/cjs/loader.js:1043:10)
    at internal/main/run_main_module.js:17:11
2020-04-23 00:47:52:4752 error: uncaughtException: Cannot find module './'
Require stack:
- D:\EPAM\CLI_Tool_Node\src\server.js
Error: Cannot find module './'
Require stack:
- D:\EPAM\CLI_Tool_Node\src\server.js
    at Function.Module._resolveFilename (internal/modules/cjs/loader.js:793:17)
    at Function.Module._load (internal/modules/cjs/loader.js:686:27)
    at Module.require (internal/modules/cjs/loader.js:848:19)
    at require (internal/modules/cjs/helpers.js:74:18)
    at Object.<anonymous> (D:\EPAM\CLI_Tool_Node\src\server.js:5:14)
    at Module._compile (internal/modules/cjs/loader.js:955:30)
    at Object.Module._extensions..js (internal/modules/cjs/loader.js:991:10)
    at Module.load (internal/modules/cjs/loader.js:811:32)
    at Function.Module._load (internal/modules/cjs/loader.js:723:14)
    at Function.Module.runMain (internal/modules/cjs/loader.js:1043:10)
    at internal/main/run_main_module.js:17:11
